Jan 13, 2013 8:17:12 AM org.apache.catalina.core.AprLifecycleListener init
INFO: The APR based Apache Tomcat Native library which allows optimal performance in production environments was not found on the java.library.path: /opt/jdk1.6.0_30/jre/lib/amd64/server:/opt/jdk1.6.0_30/jre/lib/amd64:/opt/jdk1.6.0_30/jre/../lib/amd64:/usr/java/packages/lib/amd64:/usr/lib64:/lib64:/lib:/usr/lib
Jan 13, 2013 8:17:14 AM org.apache.coyote.AbstractProtocol init
INFO: Initializing ProtocolHandler ["http-bio-8080"]
Jan 13, 2013 8:17:14 AM org.apache.coyote.AbstractProtocol init
INFO: Initializing ProtocolHandler ["ajp-bio-8009"]
Jan 13, 2013 8:17:14 AM org.apache.catalina.startup.Catalina load
INFO: Initialization processed in 3368 ms
Jan 13, 2013 8:17:14 AM org.apache.catalina.core.StandardService startInternal
INFO: Starting service Catalina
Jan 13, 2013 8:17:14 AM org.apache.catalina.core.StandardEngine startInternal
INFO: Starting Servlet Engine: Apache Tomcat/7.0.34
Jan 13, 2013 8:17:14 AM org.apache.catalina.startup.HostConfig deployDirectory
INFO: Deploying web application directory /opt/apache-tomcat-7.0.34/webapps/host-manager
Jan 13, 2013 8:17:15 AM org.apache.catalina.util.SessionIdGenerator createSecureRandom
INFO: Creation of SecureRandom instance for session ID generation using [SHA1PRNG] took [187] milliseconds.
Jan 13, 2013 8:17:15 AM org.apache.catalina.startup.HostConfig deployDirectory
INFO: Deploying web application directory /opt/apache-tomcat-7.0.34/webapps/docs
Jan 13, 2013 8:17:15 AM org.apache.catalina.startup.HostConfig deployDirectory
INFO: Deploying web application directory /opt/apache-tomcat-7.0.34/webapps/examples
Jan 13, 2013 8:17:15 AM org.apache.catalina.startup.HostConfig deployDirectory
INFO: Deploying web application directory /opt/apache-tomcat-7.0.34/webapps/ROOT
Jan 13, 2013 8:17:16 AM org.apache.catalina.startup.HostConfig deployDirectory
INFO: Deploying web application directory /opt/apache-tomcat-7.0.34/webapps/manager
Jan 13, 2013 8:17:16 AM org.apache.coyote.AbstractProtocol start
INFO: Starting ProtocolHandler ["http-bio-8080"]
Jan 13, 2013 8:17:16 AM org.apache.coyote.AbstractProtocol start
INFO: Starting ProtocolHandler ["ajp-bio-8009"]
Jan 13, 2013 8:17:16 AM org.apache.catalina.startup.Catalina start
INFO: Server startup in 2113 ms
Jan 13, 2013 8:18:36 AM org.apache.catalina.startup.HostConfig deployWAR
INFO: Deploying web application archive /opt/apache-tomcat-7.0.34/webapps/oddsium.war
Jan 13, 2013 8:18:37 AM org.apache.catalina.loader.WebappClassLoader validateJarFile
INFO: validateJarFile(/opt/tomcat/webapps/oddsium/WEB-INF/lib/servlet-api.jar) - jar not loaded. See Servlet Spec 2.3, section 9.7.2. Offending class: javax/servlet/Servlet.class
Jan 13, 2013 8:18:48 AM org.apache.catalina.core.StandardContext startInternal
SEVERE: Error listenerStart
Jan 13, 2013 8:18:48 AM org.apache.catalina.core.StandardContext startInternal
SEVERE: Context [/oddsium] startup failed due to previous errors
Jan 13, 2013 8:18:48 AM org.apache.catalina.loader.WebappClassLoader clearReferencesJdbc
SEVERE: The web application [/oddsium] registered the JDBC driver [com.mysql.jdbc.Driver] but failed to unregister it when the web application was stopped. To prevent a memory leak, the JDBC Driver has been forcibly unregistered.
Jan 13, 2013 8:18:48 AM org.apache.catalina.loader.WebappClassLoader clearReferencesThreads
SEVERE: The web application [/oddsium] appears to have started a thread named [Timer-0] but has failed to stop it. This is very likely to create a memory leak.
Jan 13, 2013 8:18:48 AM org.apache.catalina.loader.WebappClassLoader clearReferencesThreads
SEVERE: The web application [/oddsium] appears to have started a thread named [MySQL Statement Cancellation Timer] but has failed to stop it. This is very likely to create a memory leak.
Jan 13, 2013 8:27:32 AM org.apache.catalina.core.AprLifecycleListener init
INFO: The APR based Apache Tomcat Native library which allows optimal performance in production environments was not found on the java.library.path: /opt/jdk1.6.0_30/jre/lib/amd64/server:/opt/jdk1.6.0_30/jre/lib/amd64:/opt/jdk1.6.0_30/jre/../lib/amd64:/usr/java/packages/lib/amd64:/usr/lib64:/lib64:/lib:/usr/lib
Jan 13, 2013 8:27:32 AM org.apache.coyote.AbstractProtocol init
INFO: Initializing ProtocolHandler ["http-bio-8080"]
Jan 13, 2013 8:27:32 AM org.apache.coyote.AbstractProtocol init
INFO: Initializing ProtocolHandler ["ajp-bio-8009"]
Jan 13, 2013 8:27:32 AM org.apache.catalina.startup.Catalina load
INFO: Initialization processed in 1194 ms
Jan 13, 2013 8:27:32 AM org.apache.catalina.core.StandardService startInternal
INFO: Starting service Catalina
Jan 13, 2013 8:27:32 AM org.apache.catalina.core.StandardEngine startInternal
INFO: Starting Servlet Engine: Apache Tomcat/7.0.34
Jan 13, 2013 8:27:32 AM org.apache.catalina.startup.HostConfig deployWAR
INFO: Deploying web application archive /opt/apache-tomcat-7.0.34/webapps/oddsium.war
Jan 13, 2013 8:27:32 AM org.apache.catalina.loader.WebappClassLoader validateJarFile
INFO: validateJarFile(/opt/tomcat/webapps/oddsium/WEB-INF/lib/servlet-api.jar) - jar not loaded. See Servlet Spec 2.3, section 9.7.2. Offending class: javax/servlet/Servlet.class
Jan 13, 2013 8:27:44 AM org.apache.catalina.core.StandardContext startInternal
SEVERE: Error listenerStart
Jan 13, 2013 8:27:44 AM org.apache.catalina.core.StandardContext startInternal
SEVERE: Context [/oddsium] startup failed due to previous errors
Jan 13, 2013 8:27:44 AM org.apache.catalina.loader.WebappClassLoader clearReferencesJdbc
SEVERE: The web application [/oddsium] registered the JDBC driver [com.mysql.jdbc.Driver] but failed to unregister it when the web application was stopped. To prevent a memory leak, the JDBC Driver has been forcibly unregistered.
Jan 13, 2013 8:27:44 AM org.apache.catalina.loader.WebappClassLoader clearReferencesThreads
SEVERE: The web application [/oddsium] appears to have started a thread named [Timer-0] but has failed to stop it. This is very likely to create a memory leak.
Jan 13, 2013 8:27:44 AM org.apache.catalina.loader.WebappClassLoader clearReferencesThreads
SEVERE: The web application [/oddsium] appears to have started a thread named [MySQL Statement Cancellation Timer] but has failed to stop it. This is very likely to create a memory leak.
Jan 13, 2013 8:27:44 AM org.apache.catalina.startup.HostConfig deployDirectory
INFO: Deploying web application directory /opt/apache-tomcat-7.0.34/webapps/host-manager
Jan 13, 2013 8:27:44 AM org.apache.catalina.startup.HostConfig deployDirectory
INFO: Deploying web application directory /opt/apache-tomcat-7.0.34/webapps/docs
Jan 13, 2013 8:27:44 AM org.apache.catalina.startup.HostConfig deployDirectory
INFO: Deploying web application directory /opt/apache-tomcat-7.0.34/webapps/examples
Jan 13, 2013 8:27:45 AM org.apache.catalina.startup.HostConfig deployDirectory
INFO: Deploying web application directory /opt/apache-tomcat-7.0.34/webapps/ROOT
Jan 13, 2013 8:27:45 AM org.apache.catalina.startup.HostConfig deployDirectory
INFO: Deploying web application directory /opt/apache-tomcat-7.0.34/webapps/manager
Jan 13, 2013 8:27:45 AM org.apache.coyote.AbstractProtocol start
INFO: Starting ProtocolHandler ["http-bio-8080"]
Jan 13, 2013 8:27:45 AM org.apache.coyote.AbstractProtocol start
INFO: Starting ProtocolHandler ["ajp-bio-8009"]
Jan 13, 2013 8:27:45 AM org.apache.catalina.startup.Catalina start
INFO: Server startup in 12752 ms
Jan 13, 2013 8:35:41 AM org.apache.catalina.loader.WebappClassLoader loadClass
INFO: Illegal access: this web application instance has been stopped already.  Could not load com.oddsium.schduler.SaveTxOddsData$1.  The eventual following stack trace is caused by an error thrown for debugging purposes as well as to attempt to terminate the thread which caused the illegal access, and has no functional impact.
java.lang.IllegalStateException
	at org.apache.catalina.loader.WebappClassLoader.loadClass(WebappClassLoader.java:1600)
	at org.apache.catalina.loader.WebappClassLoader.loadClass(WebappClassLoader.java:1559)
	at com.oddsium.schduler.SaveTxOddsData.run(SaveTxOddsData.java:17)
	at java.util.TimerThread.mainLoop(Timer.java:512)
	at java.util.TimerThread.run(Timer.java:462)
Jan 13, 2013 9:02:55 AM org.apache.catalina.core.AprLifecycleListener init
INFO: The APR based Apache Tomcat Native library which allows optimal performance in production environments was not found on the java.library.path: /opt/jdk1.6.0_30/jre/lib/amd64/server:/opt/jdk1.6.0_30/jre/lib/amd64:/opt/jdk1.6.0_30/jre/../lib/amd64:/usr/java/packages/lib/amd64:/usr/lib64:/lib64:/lib:/usr/lib
Jan 13, 2013 9:02:55 AM org.apache.coyote.AbstractProtocol init
INFO: Initializing ProtocolHandler ["http-bio-8080"]
Jan 13, 2013 9:02:55 AM org.apache.coyote.AbstractProtocol init
INFO: Initializing ProtocolHandler ["ajp-bio-8009"]
Jan 13, 2013 9:02:55 AM org.apache.catalina.startup.Catalina load
INFO: Initialization processed in 1115 ms
Jan 13, 2013 9:02:55 AM org.apache.catalina.core.StandardService startInternal
INFO: Starting service Catalina
Jan 13, 2013 9:02:55 AM org.apache.catalina.core.StandardEngine startInternal
INFO: Starting Servlet Engine: Apache Tomcat/7.0.34
Jan 13, 2013 9:02:55 AM org.apache.catalina.startup.HostConfig deployWAR
INFO: Deploying web application archive /opt/apache-tomcat-7.0.34/webapps/oddsium.war
Jan 13, 2013 9:02:56 AM org.apache.catalina.loader.WebappClassLoader validateJarFile
INFO: validateJarFile(/opt/tomcat/webapps/oddsium/WEB-INF/lib/servlet-api.jar) - jar not loaded. See Servlet Spec 2.3, section 9.7.2. Offending class: javax/servlet/Servlet.class
Jan 13, 2013 9:03:10 AM org.quartz.core.SchedulerSignalerImpl <init>
INFO: Initialized Scheduler Signaller of type: class org.quartz.core.SchedulerSignalerImpl
Jan 13, 2013 9:03:10 AM org.quartz.core.QuartzScheduler <init>
INFO: Quartz Scheduler v.1.8.4 created.
Jan 13, 2013 9:03:10 AM org.quartz.simpl.RAMJobStore initialize
INFO: RAMJobStore initialized.
Jan 13, 2013 9:03:10 AM org.quartz.core.QuartzScheduler initialize
INFO: Scheduler meta-data: Quartz Scheduler (v1.8.4) 'org.springframework.scheduling.quartz.SchedulerFactoryBean#0' with instanceId 'NON_CLUSTERED'
  Scheduler class: 'org.quartz.core.QuartzScheduler' - running locally.
  NOT STARTED.
  Currently in standby mode.
  Number of jobs executed: 0
  Using thread pool 'org.quartz.simpl.SimpleThreadPool' - with 10 threads.
  Using job-store 'org.quartz.simpl.RAMJobStore' - which does not support persistence. and is not clustered.

Jan 13, 2013 9:03:10 AM org.quartz.impl.StdSchedulerFactory instantiate
INFO: Quartz scheduler 'org.springframework.scheduling.quartz.SchedulerFactoryBean#0' initialized from an externally provided properties instance.
Jan 13, 2013 9:03:10 AM org.quartz.impl.StdSchedulerFactory instantiate
INFO: Quartz scheduler version: 1.8.4
Jan 13, 2013 9:03:10 AM org.quartz.core.QuartzScheduler setJobFactory
INFO: JobFactory set to: org.springframework.scheduling.quartz.AdaptableJobFactory@500150a0
Jan 13, 2013 9:09:17 AM org.apache.catalina.core.AprLifecycleListener init
INFO: The APR based Apache Tomcat Native library which allows optimal performance in production environments was not found on the java.library.path: /opt/jdk1.6.0_30/jre/lib/amd64/server:/opt/jdk1.6.0_30/jre/lib/amd64:/opt/jdk1.6.0_30/jre/../lib/amd64:/usr/java/packages/lib/amd64:/usr/lib64:/lib64:/lib:/usr/lib
Jan 13, 2013 9:09:18 AM org.apache.coyote.AbstractProtocol init
INFO: Initializing ProtocolHandler ["http-bio-8080"]
Jan 13, 2013 9:09:18 AM org.apache.coyote.AbstractProtocol init
INFO: Initializing ProtocolHandler ["ajp-bio-8009"]
Jan 13, 2013 9:09:18 AM org.apache.catalina.startup.Catalina load
INFO: Initialization processed in 1238 ms
Jan 13, 2013 9:09:18 AM org.apache.catalina.core.StandardService startInternal
INFO: Starting service Catalina
Jan 13, 2013 9:09:18 AM org.apache.catalina.core.StandardEngine startInternal
INFO: Starting Servlet Engine: Apache Tomcat/7.0.34
Jan 13, 2013 9:09:18 AM org.apache.catalina.startup.HostConfig deployWAR
INFO: Deploying web application archive /opt/apache-tomcat-7.0.34/webapps/oddsium.war
Jan 13, 2013 9:09:18 AM org.apache.catalina.loader.WebappClassLoader validateJarFile
INFO: validateJarFile(/opt/tomcat/webapps/oddsium/WEB-INF/lib/servlet-api.jar) - jar not loaded. See Servlet Spec 2.3, section 9.7.2. Offending class: javax/servlet/Servlet.class
Jan 13, 2013 9:09:31 AM org.quartz.core.SchedulerSignalerImpl <init>
INFO: Initialized Scheduler Signaller of type: class org.quartz.core.SchedulerSignalerImpl
Jan 13, 2013 9:09:31 AM org.quartz.core.QuartzScheduler <init>
INFO: Quartz Scheduler v.1.8.4 created.
Jan 13, 2013 9:09:31 AM org.quartz.simpl.RAMJobStore initialize
INFO: RAMJobStore initialized.
Jan 13, 2013 9:09:31 AM org.quartz.core.QuartzScheduler initialize
INFO: Scheduler meta-data: Quartz Scheduler (v1.8.4) 'org.springframework.scheduling.quartz.SchedulerFactoryBean#0' with instanceId 'NON_CLUSTERED'
  Scheduler class: 'org.quartz.core.QuartzScheduler' - running locally.
  NOT STARTED.
  Currently in standby mode.
  Number of jobs executed: 0
  Using thread pool 'org.quartz.simpl.SimpleThreadPool' - with 10 threads.
  Using job-store 'org.quartz.simpl.RAMJobStore' - which does not support persistence. and is not clustered.

Jan 13, 2013 9:09:31 AM org.quartz.impl.StdSchedulerFactory instantiate
INFO: Quartz scheduler 'org.springframework.scheduling.quartz.SchedulerFactoryBean#0' initialized from an externally provided properties instance.
Jan 13, 2013 9:09:31 AM org.quartz.impl.StdSchedulerFactory instantiate
INFO: Quartz scheduler version: 1.8.4
Jan 13, 2013 9:09:31 AM org.quartz.core.QuartzScheduler setJobFactory
INFO: JobFactory set to: org.springframework.scheduling.quartz.AdaptableJobFactory@2e18ff27
Jan 13, 2013 9:43:39 AM org.apache.catalina.core.AprLifecycleListener init
INFO: The APR based Apache Tomcat Native library which allows optimal performance in production environments was not found on the java.library.path: /opt/jdk1.6.0_30/jre/lib/amd64/server:/opt/jdk1.6.0_30/jre/lib/amd64:/opt/jdk1.6.0_30/jre/../lib/amd64:/usr/java/packages/lib/amd64:/usr/lib64:/lib64:/lib:/usr/lib
Jan 13, 2013 9:43:39 AM org.apache.coyote.AbstractProtocol init
INFO: Initializing ProtocolHandler ["http-bio-8080"]
Jan 13, 2013 9:43:39 AM org.apache.coyote.AbstractProtocol init
INFO: Initializing ProtocolHandler ["ajp-bio-8009"]
Jan 13, 2013 9:43:39 AM org.apache.catalina.startup.Catalina load
INFO: Initialization processed in 1182 ms
Jan 13, 2013 9:43:39 AM org.apache.catalina.core.StandardService startInternal
INFO: Starting service Catalina
Jan 13, 2013 9:43:39 AM org.apache.catalina.core.StandardEngine startInternal
INFO: Starting Servlet Engine: Apache Tomcat/7.0.34
Jan 13, 2013 9:43:39 AM org.apache.catalina.startup.HostConfig deployWAR
INFO: Deploying web application archive /opt/apache-tomcat-7.0.34/webapps/oddsium.war
Jan 13, 2013 9:43:40 AM org.apache.catalina.loader.WebappClassLoader validateJarFile
INFO: validateJarFile(/opt/tomcat/webapps/oddsium/WEB-INF/lib/servlet-api.jar) - jar not loaded. See Servlet Spec 2.3, section 9.7.2. Offending class: javax/servlet/Servlet.class
Jan 13, 2013 9:43:53 AM org.quartz.core.SchedulerSignalerImpl <init>
INFO: Initialized Scheduler Signaller of type: class org.quartz.core.SchedulerSignalerImpl
Jan 13, 2013 9:43:53 AM org.quartz.core.QuartzScheduler <init>
INFO: Quartz Scheduler v.1.8.4 created.
Jan 13, 2013 9:43:53 AM org.quartz.simpl.RAMJobStore initialize
INFO: RAMJobStore initialized.
Jan 13, 2013 9:43:53 AM org.quartz.core.QuartzScheduler initialize
INFO: Scheduler meta-data: Quartz Scheduler (v1.8.4) 'org.springframework.scheduling.quartz.SchedulerFactoryBean#0' with instanceId 'NON_CLUSTERED'
  Scheduler class: 'org.quartz.core.QuartzScheduler' - running locally.
  NOT STARTED.
  Currently in standby mode.
  Number of jobs executed: 0
  Using thread pool 'org.quartz.simpl.SimpleThreadPool' - with 10 threads.
  Using job-store 'org.quartz.simpl.RAMJobStore' - which does not support persistence. and is not clustered.

Jan 13, 2013 9:43:53 AM org.quartz.impl.StdSchedulerFactory instantiate
INFO: Quartz scheduler 'org.springframework.scheduling.quartz.SchedulerFactoryBean#0' initialized from an externally provided properties instance.
Jan 13, 2013 9:43:53 AM org.quartz.impl.StdSchedulerFactory instantiate
INFO: Quartz scheduler version: 1.8.4
Jan 13, 2013 9:43:53 AM org.quartz.core.QuartzScheduler setJobFactory
INFO: JobFactory set to: org.springframework.scheduling.quartz.AdaptableJobFactory@4fff395a
