#
# A fatal error has been detected by the Java Runtime Environment:
#
#  SIGSEGV (0xb) at pc=0x00007f1fc7425200, pid=27515, tid=139774422935296
#
# JRE version: 6.0_30-b12
# Java VM: Java HotSpot(TM) 64-Bit Server VM (20.5-b03 mixed mode linux-amd64 compressed oops)
# Problematic frame:
# V  [libjvm.so+0x51b200]  get_method_id(JNIEnv_*, _jclass*, char const*, char const*, bool, Thread*)+0xc0
#
# If you would like to submit a bug report, please visit:
#   http://java.sun.com/webapps/bugreport/crash.jsp
#

---------------  T H R E A D  ---------------

Current thread (0x00007f1f7c546000):  JavaThread "Timer-1" daemon [_thread_in_vm, id=27544, stack(0x00007f1fc4cfe000,0x00007f1fc4d3f000)]

siginfo:si_signo=SIGSEGV: si_errno=0, si_code=1 (SEGV_MAPERR), si_addr=0x0000000000000000

Registers:
RAX=0x00007f1f94003598, RBX=0x00007f1f94003598, RCX=0x00000000ffffffff, RDX=0x00007f1f940035a0
RSP=0x00007f1fc4d3d2b0, RBP=0x00007f1fc4d3d310, RSI=0x00007f1f7c546000, RDI=0x00007f1fc4d3d2d0
R8 =0x0000000000000000, R9 =0x0000000000000000, R10=0x00007f1fc4d3d2cc, R11=0x000000000000003e
R12=0x00007f1f7c546000, R13=0x00007f1fc53aa1a5, R14=0x0000000000000000, R15=0x0000000000000000
RIP=0x00007f1fc7425200, EFLAGS=0x0000000000010206, CSGSFS=0x000000000000e033, ERR=0x0000000000000004
  TRAPNO=0x000000000000000e

Top of Stack: (sp=0x00007f1fc4d3d2b0)
0x00007f1fc4d3d2b0:   00007f1f940035b0 00007f1f940035a8
0x00007f1fc4d3d2c0:   00007f1f940035a0 6c5e0272c4d3d318
0x00007f1fc4d3d2d0:   00007f1f94003598 00009b75c75ec007
0x00007f1fc4d3d2e0:   00007f1f94003590 00007f1f7c546000
0x00007f1fc4d3d2f0:   00007f1f7c5461d0 00007f1fc4d3d330
0x00007f1fc4d3d300:   00007f1fc53aa1ac 00007f1fc53aa1a5
0x00007f1fc4d3d310:   00007f1fc4d3d3a0 00007f1fc73fd4f9
0x00007f1fc4d3d320:   00007f1fc4d3d3f7 0000000000000000
0x00007f1fc4d3d330:   00007f1f7c546000 00007f1f94003588
0x00007f1fc4d3d340:   00007f1f000000e2 00007f1fc77961a0
0x00007f1fc4d3d350:   00007f1f7c546000 00007f1f982d6620
0x00007f1fc4d3d360:   00007f1f7c546000 00007f1f940035c0
0x00007f1fc4d3d370:   0000000000000014 00007f1fc54af730
0x00007f1fc4d3d380:   00007f1fc54af738 00007f1fc54af728
0x00007f1fc4d3d390:   00007f1fc4d3d4d8 00007f1fc54ad014
0x00007f1fc4d3d3a0:   00007f1f7c5461d0 00007f1fc53a0b09
0x00007f1fc4d3d3b0:   00007f1f940035e0 00007f1f7c5849a0
0x00007f1fc4d3d3c0:   00007f1f7c546000 00000000f8c4d6d0
0x00007f1fc4d3d3d0:   0000000000000000 00007f1f7c546000
0x00007f1fc4d3d3e0:   0000000000000000 00007f1fc73e519e
0x00007f1fc4d3d3f0:   00007f1f940035d0 00007f1f94003588
0x00007f1fc4d3d400:   00007f1f7c546000 00007f1f94003610
0x00007f1fc4d3d410:   00007f1f7c546000 00007f1fc4d3d4d8
0x00007f1fc4d3d420:   00007f1fc4d3d4d8 00000000f8c4d6d0
0x00007f1fc4d3d430:   00007f1fc4d3d4b8 0000000000000000
0x00007f1fc4d3d440:   00000000f8c4d6c8 00007f1fc4d3d4e0
0x00007f1fc4d3d450:   00007f1f7c546000 00007f1fbd010d6e
0x00007f1fc4d3d460:   00007f1f982d6630 00007f1f982d6a08
0x00007f1fc4d3d470:   00007f1f7c546000 00007f1fc4d3d478
0x00007f1fc4d3d480:   00000000f8c4d6c8 00007f1fc4d3d4e0
0x00007f1fc4d3d490:   00000000f8c4e078 0000000000000000
0x00007f1fc4d3d4a0:   00000000f8c4d6d0 0000000000000000 

Instructions: (pc=0x00007f1fc7425200)
0x00007f1fc74251e0:   4c 89 e7 e8 28 a7 f1 ff 31 c0 48 83 c4 38 5b 41
0x00007f1fc74251f0:   5c 41 5d 41 5e 41 5f c9 c3 66 66 66 90 66 66 90
0x00007f1fc7425200:   49 8b 3e e8 a8 6f fc ff 84 c0 74 18 48 8b 15 7d
0x00007f1fc7425210:   f4 6a 00 4d 89 e8 48 8b 8a c8 03 00 00 ba 10 05 

Register to memory mapping:

RAX=0x00007f1f94003598 is an unknown value
RBX=0x00007f1f94003598 is an unknown value
RCX=0x00000000ffffffff is an unallocated location in the heap
RDX=0x00007f1f940035a0 is an unknown value
RSP=0x00007f1fc4d3d2b0 is pointing into the stack for thread: 0x00007f1f7c546000
RBP=0x00007f1fc4d3d310 is pointing into the stack for thread: 0x00007f1f7c546000
RSI=0x00007f1f7c546000 is a thread
RDI=0x00007f1fc4d3d2d0 is pointing into the stack for thread: 0x00007f1f7c546000
R8 =0x0000000000000000 is an unknown value
R9 =0x0000000000000000 is an unknown value
R10=0x00007f1fc4d3d2cc is pointing into the stack for thread: 0x00007f1f7c546000
R11=0x000000000000003e is an unknown value
R12=0x00007f1f7c546000 is a thread
R13=0x00007f1fc53aa1a5: <offset 0x111a5> in /opt/jdk1.6.0_30/jre/lib/amd64/libnet.so at 0x00007f1fc5399000
R14=0x0000000000000000 is an unknown value
R15=0x0000000000000000 is an unknown value


Stack: [0x00007f1fc4cfe000,0x00007f1fc4d3f000],  sp=0x00007f1fc4d3d2b0,  free space=252k
Native frames: (J=compiled Java code, j=interpreted, Vv=VM code, C=native code)
V  [libjvm.so+0x51b200]  get_method_id(JNIEnv_*, _jclass*, char const*, char const*, bool, Thread*)+0xc0
V  [libjvm.so+0x4f34f9]  unsigned+0xe9

Java frames: (J=compiled Java code, j=interpreted, Vv=VM code)
j  java.net.Inet6AddressImpl.lookupAllHostAddr(Ljava/lang/String;)[Ljava/net/InetAddress;+0
j  java.net.InetAddress$1.lookupAllHostAddr(Ljava/lang/String;)[Ljava/net/InetAddress;+4
j  java.net.InetAddress.getAddressFromNameService(Ljava/lang/String;Ljava/net/InetAddress;)Ljava/lang/Object;+20
j  java.net.InetAddress.getLocalHost()Ljava/net/InetAddress;+43
j  org.quartz.utils.UpdateChecker.getClientId()I+0
j  org.quartz.utils.UpdateChecker.buildParamsString()Ljava/lang/String;+17
j  org.quartz.utils.UpdateChecker.buildUpdateCheckUrl()Ljava/net/URL;+45
j  org.quartz.utils.UpdateChecker.doCheck()V+11
j  org.quartz.utils.UpdateChecker.checkForUpdate()V+9
j  org.quartz.utils.UpdateChecker.run()V+1
j  java.util.TimerThread.mainLoop()V+221
j  java.util.TimerThread.run()V+1
v  ~StubRoutines::call_stub

---------------  P R O C E S S  ---------------

Java Threads: ( => current thread )
=>0x00007f1f7c546000 JavaThread "Timer-1" daemon [_thread_in_vm, id=27544, stack(0x00007f1fc4cfe000,0x00007f1fc4d3f000)]
  0x00007f1f7c3d4000 JavaThread "org.springframework.scheduling.quartz.SchedulerFactoryBean#0_QuartzSchedulerThread" [_thread_blocked, id=27543, stack(0x00007f1fc4d3f000,0x00007f1fc4d80000)]
  0x00007f1f7c590000 JavaThread "org.springframework.scheduling.quartz.SchedulerFactoryBean#0_Worker-10" [_thread_blocked, id=27542, stack(0x00007f1fc4d80000,0x00007f1fc4dc1000)]
  0x00007f1f7c013000 JavaThread "org.springframework.scheduling.quartz.SchedulerFactoryBean#0_Worker-9" [_thread_blocked, id=27541, stack(0x00007f1fc4dc1000,0x00007f1fc4e02000)]
  0x00007f1f7c684000 JavaThread "org.springframework.scheduling.quartz.SchedulerFactoryBean#0_Worker-8" [_thread_blocked, id=27540, stack(0x00007f1fc4e02000,0x00007f1fc4e43000)]
  0x00007f1f7c624000 JavaThread "org.springframework.scheduling.quartz.SchedulerFactoryBean#0_Worker-7" [_thread_blocked, id=27539, stack(0x00007f1fc4e43000,0x00007f1fc4e84000)]
  0x00007f1f7c607800 JavaThread "org.springframework.scheduling.quartz.SchedulerFactoryBean#0_Worker-6" [_thread_blocked, id=27538, stack(0x00007f1fc4e84000,0x00007f1fc4ec5000)]
  0x00007f1f7c5d4000 JavaThread "org.springframework.scheduling.quartz.SchedulerFactoryBean#0_Worker-5" [_thread_blocked, id=27537, stack(0x00007f1fc4ec5000,0x00007f1fc4f06000)]
  0x00007f1f7c51b000 JavaThread "org.springframework.scheduling.quartz.SchedulerFactoryBean#0_Worker-4" [_thread_blocked, id=27536, stack(0x00007f1fc4f06000,0x00007f1fc4f47000)]
  0x00007f1f7c578800 JavaThread "org.springframework.scheduling.quartz.SchedulerFactoryBean#0_Worker-3" [_thread_blocked, id=27535, stack(0x00007f1fc4f47000,0x00007f1fc4f88000)]
  0x00007f1f7c47c000 JavaThread "org.springframework.scheduling.quartz.SchedulerFactoryBean#0_Worker-2" [_thread_blocked, id=27534, stack(0x00007f1fc4f88000,0x00007f1fc4fc9000)]
  0x00007f1f7c67d000 JavaThread "org.springframework.scheduling.quartz.SchedulerFactoryBean#0_Worker-1" [_thread_blocked, id=27533, stack(0x00007f1fc4fc9000,0x00007f1fc500a000)]
  0x00007f1f7c007000 JavaThread "MySQL Statement Cancellation Timer" daemon [_thread_blocked, id=27532, stack(0x00007f1fc500a000,0x00007f1fc504b000)]
  0x00007f1f7c3f1000 JavaThread "Timer-0" daemon [_thread_blocked, id=27531, stack(0x00007f1fc504b000,0x00007f1fc508c000)]
  0x00007f1f88001800 JavaThread "localhost-startStop-1" daemon [_thread_blocked, id=27529, stack(0x00007f1fc5317000,0x00007f1fc5358000)]
  0x00007f1fc0315000 JavaThread "Catalina-startStop-1" daemon [_thread_blocked, id=27528, stack(0x00007f1fc5358000,0x00007f1fc5399000)]
  0x00007f1fc02d3800 JavaThread "GC Daemon" daemon [_thread_blocked, id=27527, stack(0x00007f1fc54ba000,0x00007f1fc54fb000)]
  0x00007f1fc008d000 JavaThread "Low Memory Detector" daemon [_thread_blocked, id=27525, stack(0x00007f1fc5768000,0x00007f1fc57a9000)]
  0x00007f1fc008a800 JavaThread "C2 CompilerThread1" daemon [_thread_blocked, id=27524, stack(0x00007f1fc57a9000,0x00007f1fc58aa000)]
  0x00007f1fc0088000 JavaThread "C2 CompilerThread0" daemon [_thread_blocked, id=27523, stack(0x00007f1fc58aa000,0x00007f1fc59ab000)]
  0x00007f1fc0085800 JavaThread "Signal Dispatcher" daemon [_thread_blocked, id=27522, stack(0x00007f1fc59ab000,0x00007f1fc59ec000)]
  0x00007f1fc0069800 JavaThread "Finalizer" daemon [_thread_blocked, id=27521, stack(0x00007f1fc59ec000,0x00007f1fc5a2d000)]
  0x00007f1fc0067800 JavaThread "Reference Handler" daemon [_thread_blocked, id=27520, stack(0x00007f1fc5a2d000,0x00007f1fc5a6e000)]
  0x00007f1fc0007000 JavaThread "main" [_thread_blocked, id=27516, stack(0x00007f1fc839f000,0x00007f1fc83e0000)]

Other Threads:
  0x00007f1fc0060800 VMThread [stack: 0x00007f1fc5a6e000,0x00007f1fc5b6f000] [id=27519]
  0x00007f1fc008f800 WatcherThread [stack: 0x00007f1fc5667000,0x00007f1fc5768000] [id=27526]

VM state:synchronizing (normal execution)

VM Mutex/Monitor currently owned by a thread:  ([mutex/lock_event])
[0x00007f1fc0004850] Threads_lock - owner thread: 0x00007f1fc0060800
[0x00007f1fc0004d50] Heap_lock - owner thread: 0x00007f1f88001800

Heap
 PSYoungGen      total 29952K, used 565K [0x00000000fe000000, 0x00000000ffee0000, 0x0000000100000000)
  eden space 28416K, 1% used [0x00000000fe000000,0x00000000fe08d798,0x00000000ffbc0000)
  from space 1536K, 0% used [0x00000000ffd60000,0x00000000ffd60000,0x00000000ffee0000)
  to   space 1600K, 0% used [0x00000000ffbc0000,0x00000000ffbc0000,0x00000000ffd50000)
 PSOldGen        total 65536K, used 14129K [0x00000000fa000000, 0x00000000fe000000, 0x00000000fe000000)
  object space 65536K, 21% used [0x00000000fa000000,0x00000000fadcc490,0x00000000fe000000)
 PSPermGen       total 32768K, used 32767K [0x00000000f8000000, 0x00000000fa000000, 0x00000000fa000000)
  object space 32768K, 99% used [0x00000000f8000000,0x00000000f9ffffb8,0x00000000fa000000)

Code Cache  [0x00007f1fbd000000, 0x00007f1fbd280000, 0x00007f1fc0000000)
 total_blobs=817 nmethods=451 adapters=320 free_code_cache=47813376 largest_free_block=37056

Dynamic libraries:
40000000-40009000 r-xp 00000000 ca:01 2131635                            /opt/jdk1.6.0_30/bin/java
40108000-4010a000 rwxp 00008000 ca:01 2131635                            /opt/jdk1.6.0_30/bin/java
420e1000-42102000 rwxp 00000000 00:00 0                                  [heap]
f8000000-fa000000 rwxp 00000000 00:00 0 
fa000000-fe000000 rwxp 00000000 00:00 0 
fe000000-ffee0000 rwxp 00000000 00:00 0 
ffee0000-100000000 ---p 00000000 00:00 0 
7f1f74000000-7f1f74021000 rwxp 00000000 00:00 0 
7f1f74021000-7f1f78000000 ---p 00000000 00:00 0 
7f1f7c000000-7f1f7c776000 rwxp 00000000 00:00 0 
7f1f7c776000-7f1f80000000 ---p 00000000 00:00 0 
7f1f84000000-7f1f84021000 rwxp 00000000 00:00 0 
7f1f84021000-7f1f88000000 ---p 00000000 00:00 0 
7f1f88000000-7f1f88021000 rwxp 00000000 00:00 0 
7f1f88021000-7f1f8c000000 ---p 00000000 00:00 0 
7f1f8c000000-7f1f8c021000 rwxp 00000000 00:00 0 
7f1f8c021000-7f1f90000000 ---p 00000000 00:00 0 
7f1f90000000-7f1f90021000 rwxp 00000000 00:00 0 
7f1f90021000-7f1f94000000 ---p 00000000 00:00 0 
7f1f94000000-7f1f97a52000 rwxp 00000000 00:00 0 
7f1f97a52000-7f1f98000000 ---p 00000000 00:00 0 
7f1f98000000-7f1f9bffd000 rwxp 00000000 00:00 0 
7f1f9bffd000-7f1f9c000000 ---p 00000000 00:00 0 
7f1f9c000000-7f1f9c021000 rwxp 00000000 00:00 0 
7f1f9c021000-7f1fa0000000 ---p 00000000 00:00 0 
7f1fa216f000-7f1fa8000000 r-xp 00000000 ca:01 2427725                    /usr/lib/locale/locale-archive
7f1fa8000000-7f1fa8021000 rwxp 00000000 00:00 0 
7f1fa8021000-7f1fac000000 ---p 00000000 00:00 0 
7f1fac000000-7f1fac021000 rwxp 00000000 00:00 0 
7f1fac021000-7f1fb0000000 ---p 00000000 00:00 0 
7f1fb0000000-7f1fb0021000 rwxp 00000000 00:00 0 
7f1fb0021000-7f1fb4000000 ---p 00000000 00:00 0 
7f1fb4000000-7f1fb4227000 rwxp 00000000 00:00 0 
7f1fb4227000-7f1fb8000000 ---p 00000000 00:00 0 
7f1fb8000000-7f1fb8021000 rwxp 00000000 00:00 0 
7f1fb8021000-7f1fbc000000 ---p 00000000 00:00 0 
7f1fbd000000-7f1fbd280000 rwxp 00000000 00:00 0 
7f1fbd280000-7f1fc0348000 rwxp 00000000 00:00 0 
7f1fc0348000-7f1fc4000000 ---p 00000000 00:00 0 
7f1fc4cfe000-7f1fc4d01000 ---p 00000000 00:00 0 
7f1fc4d01000-7f1fc4d3f000 rwxp 00000000 00:00 0 
7f1fc4d3f000-7f1fc4d42000 ---p 00000000 00:00 0 
7f1fc4d42000-7f1fc4d80000 rwxp 00000000 00:00 0 
7f1fc4d80000-7f1fc4d83000 ---p 00000000 00:00 0 
7f1fc4d83000-7f1fc4dc1000 rwxp 00000000 00:00 0 
7f1fc4dc1000-7f1fc4dc4000 ---p 00000000 00:00 0 
7f1fc4dc4000-7f1fc4e02000 rwxp 00000000 00:00 0 
7f1fc4e02000-7f1fc4e05000 ---p 00000000 00:00 0 
7f1fc4e05000-7f1fc4e43000 rwxp 00000000 00:00 0 
7f1fc4e43000-7f1fc4e46000 ---p 00000000 00:00 0 
7f1fc4e46000-7f1fc4e84000 rwxp 00000000 00:00 0 
7f1fc4e84000-7f1fc4e87000 ---p 00000000 00:00 0 
7f1fc4e87000-7f1fc4ec5000 rwxp 00000000 00:00 0 
7f1fc4ec5000-7f1fc4ec8000 ---p 00000000 00:00 0 
7f1fc4ec8000-7f1fc4f06000 rwxp 00000000 00:00 0 
7f1fc4f06000-7f1fc4f09000 ---p 00000000 00:00 0 
7f1fc4f09000-7f1fc4f47000 rwxp 00000000 00:00 0 
7f1fc4f47000-7f1fc4f4a000 ---p 00000000 00:00 0 
7f1fc4f4a000-7f1fc4f88000 rwxp 00000000 00:00 0 
7f1fc4f88000-7f1fc4f8b000 ---p 00000000 00:00 0 
7f1fc4f8b000-7f1fc4fc9000 rwxp 00000000 00:00 0 
7f1fc4fc9000-7f1fc4fcc000 ---p 00000000 00:00 0 
7f1fc4fcc000-7f1fc500a000 rwxp 00000000 00:00 0 
7f1fc500a000-7f1fc500d000 ---p 00000000 00:00 0 
7f1fc500d000-7f1fc504b000 rwxp 00000000 00:00 0 
7f1fc504b000-7f1fc504e000 ---p 00000000 00:00 0 
7f1fc504e000-7f1fc508c000 rwxp 00000000 00:00 0 
7f1fc508c000-7f1fc509a000 r-xs 0008a000 ca:01 2165340                    /opt/apache-tomcat-7.0.34/webapps/oddsium/WEB-INF/lib/xwork-core-2.3.1.2.jar
7f1fc509a000-7f1fc509e000 r-xs 00024000 ca:01 2165339                    /opt/apache-tomcat-7.0.34/webapps/oddsium/WEB-INF/lib/xmlschema-core-2.0.2.jar
7f1fc509e000-7f1fc50dc000 r-xs 0025b000 ca:01 2165338                    /opt/apache-tomcat-7.0.34/webapps/oddsium/WEB-INF/lib/xmlbeans-2.5.0.jar
7f1fc50dc000-7f1fc50de000 r-xs 00013000 ca:01 2165337                    /opt/apache-tomcat-7.0.34/webapps/oddsium/WEB-INF/lib/xml-resolver-1.2.jar
7f1fc50de000-7f1fc50e3000 r-xs 00020000 ca:01 2165336                    /opt/apache-tomcat-7.0.34/webapps/oddsium/WEB-INF/lib/wsdl4j-1.6.2.jar
7f1fc50e3000-7f1fc50e8000 r-xs 00070000 ca:01 2165335                    /opt/apache-tomcat-7.0.34/webapps/oddsium/WEB-INF/lib/woodstox-core-asl-4.1.2.jar
7f1fc50e8000-7f1fc50ea000 r-xs 0000b000 ca:01 2165334                    /opt/apache-tomcat-7.0.34/webapps/oddsium/WEB-INF/lib/tiles-servlet-2.1.2.jar
7f1fc50ea000-7f1fc50ec000 r-xs 0000c000 ca:01 2165333                    /opt/apache-tomcat-7.0.34/webapps/oddsium/WEB-INF/lib/tiles-jsp-2.1.2.jar
7f1fc50ec000-7f1fc50f0000 r-xs 0001d000 ca:01 2165332                    /opt/apache-tomcat-7.0.34/webapps/oddsium/WEB-INF/lib/tiles-core-2.1.2.jar
7f1fc50f0000-7f1fc50f1000 r-xs 00005000 ca:01 2165331                    /opt/apache-tomcat-7.0.34/webapps/oddsium/WEB-INF/lib/tiles-compat-2.1.2.jar
7f1fc50f1000-7f1fc50f3000 r-xs 00005000 ca:01 2165330                    /opt/apache-tomcat-7.0.34/webapps/oddsium/WEB-INF/lib/tiles-api-2.1.2.jar
7f1fc50f3000-7f1fc50f5000 r-xs 00004000 ca:01 2165329                    /opt/apache-tomcat-7.0.34/webapps/oddsium/WEB-INF/lib/struts2-tiles-plugin-2.2.3.jar
7f1fc50f5000-7f1fc50f7000 r-xs 00010000 ca:01 2165328                    /opt/apache-tomcat-7.0.34/webapps/oddsium/WEB-INF/lib/struts2-json-plugin-2.3.1.2.jar
7f1fc50f7000-7f1fc5107000 r-xs 000ae000 ca:01 2165327                    /opt/apache-tomcat-7.0.34/webapps/oddsium/WEB-INF/lib/struts2-core-2.3.1.2.jar
7f1fc5107000-7f1fc510c000 r-xs 00039000 ca:01 2165326                    /opt/apache-tomcat-7.0.34/webapps/oddsium/WEB-INF/lib/struts-taglib-1.3.9.jar
7f1fc510c000-7f1fc5110000 r-xs 00029000 ca:01 2165325                    /opt/apache-tomcat-7.0.34/webapps/oddsium/WEB-INF/lib/stax2-api-3.1.1.jar
7f1fc5110000-7f1fc5119000 r-xs 00058000 ca:01 2165324                    /opt/apache-tomcat-7.0.34/webapps/oddsium/WEB-INF/lib/standard-1.1.2.jar
7f1fc5119000-7f1fc5120000 r-xs 00032000 ca:01 2165323                    /opt/apache-tomcat-7.0.34/webapps/oddsium/WEB-INF/lib/spring-tx-3.0.7.RELEASE.jar
7f1fc5120000-7f1fc5126000 r-xs 00033000 ca:01 2165322                    /opt/apache-tomcat-7.0.34/webapps/oddsium/WEB-INF/lib/spring-test-3.1.0.RELEASE.jar
7f1fc5126000-7f1fc512d000 r-xs 00032000 ca:01 2165321                    /opt/apache-tomcat-7.0.34/webapps/oddsium/WEB-INF/lib/spring-security-web-3.0.0.RELEASE.jar
7f1fc512d000-7f1fc5137000 r-xs 00042000 ca:01 2165320                    /opt/apache-tomcat-7.0.34/webapps/oddsium/WEB-INF/lib/spring-security-core-3.0.0.RELEASE.jar
7f1fc5137000-7f1fc513c000 r-xs 00029000 ca:01 2165319                    /opt/apache-tomcat-7.0.34/webapps/oddsium/WEB-INF/lib/spring-jms-3.0.7.RELEASE.jar
7f1fc513c000-7f1fc513f000 r-xs 00016000 ca:01 2165318                    /opt/apache-tomcat-7.0.34/webapps/oddsium/WEB-INF/lib/spring-context-support-3.0.5.RELEASE.jar
7f1fc513f000-7f1fc5141000 r-xs 00001000 ca:01 2165317                    /opt/apache-tomcat-7.0.34/webapps/oddsium/WEB-INF/lib/slf4j-jdk14-1.6.2.jar
7f1fc5141000-7f1fc5143000 r-xs 00005000 ca:01 2165316                    /opt/apache-tomcat-7.0.34/webapps/oddsium/WEB-INF/lib/slf4j-api-1.6.2.jar
7f1fc5145000-7f1fc514c000 r-xs 00066000 ca:01 2165314                    /opt/apache-tomcat-7.0.34/webapps/oddsium/WEB-INF/lib/quartz-1.8.4.jar
7f1fc514c000-7f1fc5158000 r-xs 0007a000 ca:01 2165313                    /opt/apache-tomcat-7.0.34/webapps/oddsium/WEB-INF/lib/org.springframework.web-3.1.2.RELEASE.jar
7f1fc5158000-7f1fc515f000 r-xs 00035000 ca:01 2165312                    /opt/apache-tomcat-7.0.34/webapps/oddsium/WEB-INF/lib/org.springframework.transaction-3.1.2.RELEASE.jar
7f1fc515f000-7f1fc5168000 r-xs 00054000 ca:01 2165311                    /opt/apache-tomcat-7.0.34/webapps/oddsium/WEB-INF/lib/org.springframework.orm-3.1.2.RELEASE.jar
7f1fc5168000-7f1fc5172000 r-xs 00059000 ca:01 2165310                    /opt/apache-tomcat-7.0.34/webapps/oddsium/WEB-INF/lib/org.springframework.jdbc-3.1.2.RELEASE.jar
7f1fc5172000-7f1fc5176000 r-xs 00027000 ca:01 2165309                    /opt/apache-tomcat-7.0.34/webapps/oddsium/WEB-INF/lib/org.springframework.expression-3.1.2.RELEASE.jar
7f1fc5176000-7f1fc5180000 r-xs 00064000 ca:01 2165308                    /opt/apache-tomcat-7.0.34/webapps/oddsium/WEB-INF/lib/org.springframework.core-3.1.2.RELEASE.jar
7f1fc5180000-7f1fc5183000 r-xs 0001b000 ca:01 2165307                    /opt/apache-tomcat-7.0.34/webapps/oddsium/WEB-INF/lib/org.springframework.context.support-sources-3.1.2.RELEASE.jar
7f1fc5183000-7f1fc5198000 r-xs 000b7000 ca:01 2165306                    /opt/apache-tomcat-7.0.34/webapps/oddsium/WEB-INF/lib/org.springframework.context-3.1.2.RELEASE.jar
7f1fc5198000-7f1fc51a4000 r-xs 00085000 ca:01 2165305                    /opt/apache-tomcat-7.0.34/webapps/oddsium/WEB-INF/lib/org.springframework.beans-3.1.2.RELEASE.jar
7f1fc51a4000-7f1fc51a5000 r-xs 0000c000 ca:01 2165304                    /opt/apache-tomcat-7.0.34/webapps/oddsium/WEB-INF/lib/org.springframework.asm-3.1.2.RELEASE.jar
7f1fc51a5000-7f1fc51ae000 r-xs 00049000 ca:01 2165303                    /opt/apache-tomcat-7.0.34/webapps/oddsium/WEB-INF/lib/org.springframework.aop-3.1.2.RELEASE.jar
7f1fc51ae000-7f1fc51b1000 r-xs 00035000 ca:01 2165302                    /opt/apache-tomcat-7.0.34/webapps/oddsium/WEB-INF/lib/ognl-3.0.4.jar
7f1fc51b1000-7f1fc51b3000 r-xs 00010000 ca:01 2165301                    /opt/apache-tomcat-7.0.34/webapps/oddsium/WEB-INF/lib/neethi-3.0.2.jar
7f1fc51b3000-7f1fc51b9000 r-xs 0007f000 ca:01 2165300                    /opt/apache-tomcat-7.0.34/webapps/oddsium/WEB-INF/lib/mysql-connector-java-5.0.8-bin.jar
7f1fc51b9000-7f1fc51c0000 r-xs 00059000 ca:01 2165299                    /opt/apache-tomcat-7.0.34/webapps/oddsium/WEB-INF/lib/log4j.jar
7f1fc51c0000-7f1fc51c5000 r-xs 00027000 ca:01 2165298                    /opt/apache-tomcat-7.0.34/webapps/oddsium/WEB-INF/lib/junit-dep-4.5.jar
7f1fc51c5000-7f1fc51cc000 r-xs 00037000 ca:01 2165297                    /opt/apache-tomcat-7.0.34/webapps/oddsium/WEB-INF/lib/junit-4.10.jar
7f1fc51cc000-7f1fc51ce000 r-xs 0000a000 ca:01 2165296                    /opt/apache-tomcat-7.0.34/webapps/oddsium/WEB-INF/lib/jsr311-api-1.1.1.jar
7f1fc51ce000-7f1fc51cf000 r-xs 00002000 ca:01 2165295                    /opt/apache-tomcat-7.0.34/webapps/oddsium/WEB-INF/lib/jra-1.0-alpha-4.jar
7f1fc51cf000-7f1fc51d3000 r-xs 00031000 ca:01 2165294                    /opt/apache-tomcat-7.0.34/webapps/oddsium/WEB-INF/lib/jetty-util-7.5.4.v20111024.jar
7f1fc51d3000-7f1fc51d9000 r-xs 00046000 ca:01 2165293                    /opt/apache-tomcat-7.0.34/webapps/oddsium/WEB-INF/lib/jetty-server-7.5.4.v20111024.jar
7f1fc51d9000-7f1fc51dc000 r-xs 00012000 ca:01 2165292                    /opt/apache-tomcat-7.0.34/webapps/oddsium/WEB-INF/lib/jetty-security-7.5.4.v20111024.jar
7f1fc51dc000-7f1fc51df000 r-xs 00014000 ca:01 2165291                    /opt/apache-tomcat-7.0.34/webapps/oddsium/WEB-INF/lib/jetty-io-7.5.4.v20111024.jar
7f1fc51df000-7f1fc51e2000 r-xs 0001a000 ca:01 2165290                    /opt/apache-tomcat-7.0.34/webapps/oddsium/WEB-INF/lib/jetty-http-7.5.4.v20111024.jar
7f1fc51e2000-7f1fc51e3000 r-xs 00004000 ca:01 2165289                    /opt/apache-tomcat-7.0.34/webapps/oddsium/WEB-INF/lib/jetty-continuation-7.5.4.v20111024.jar
7f1fc51e3000-7f1fc51e5000 r-xs 00011000 ca:01 2165288                    /opt/apache-tomcat-7.0.34/webapps/oddsium/WEB-INF/lib/jettison-1.3.1.jar
7f1fc51e5000-7f1fc51e6000 r-xs 00002000 ca:01 2165287                    /opt/apache-tomcat-7.0.34/webapps/oddsium/WEB-INF/lib/jboss-transaction-api_1.1_spec-1.0.0.Final.jar
7f1fc51e6000-7f1fc51e8000 r-xs 0000d000 ca:01 2165286                    /opt/apache-tomcat-7.0.34/webapps/oddsium/WEB-INF/lib/jboss-logging-3.1.0.GA.jar
7f1fc51e8000-7f1fc51fd000 r-xs 000f9000 ca:01 2165285                    /opt/apache-tomcat-7.0.34/webapps/oddsium/WEB-INF/lib/jaxb-impl-2.2.5.jar
7f1fc51fd000-7f1fc5201000 r-xs 00015000 ca:01 2165284                    /opt/apache-tomcat-7.0.34/webapps/oddsium/WEB-INF/lib/jaxb-api-2.2.6.jar
7f1fc5201000-7f1fc520a000 r-xs 00096000 ca:01 2165283                    /opt/apache-tomcat-7.0.34/webapps/oddsium/WEB-INF/lib/javassist-3.15.0-GA.jar
7f1fc520a000-7f1fc520b000 r-xs 0000f000 ca:01 2165282                    /opt/apache-tomcat-7.0.34/webapps/oddsium/WEB-INF/lib/javapns.jar
7f1fc520b000-7f1fc5210000 r-xs 00015000 ca:01 2165281                    /opt/apache-tomcat-7.0.34/webapps/oddsium/WEB-INF/lib/hibernate-jpa-2.0-api-1.0.1.Final.jar
7f1fc5210000-7f1fc525d000 r-xs 003f2000 ca:01 2165280                    /opt/apache-tomcat-7.0.34/webapps/oddsium/WEB-INF/lib/hibernate-core-4.1.6.Final.jar
7f1fc525d000-7f1fc5260000 r-xs 00011000 ca:01 2165279                    /opt/apache-tomcat-7.0.34/webapps/oddsium/WEB-INF/lib/hibernate-commons-annotations-4.0.1.Final.jar
7f1fc5260000-7f1fc5262000 r-xs 00006000 ca:01 2165278                    /opt/apache-tomcat-7.0.34/webapps/oddsium/WEB-INF/lib/geronimo-stax-api_1.0_spec-1.0.1.jar
7f1fc5262000-7f1fc5267000 r-xs 00032000 ca:01 2165277                    /opt/apache-tomcat-7.0.34/webapps/oddsium/WEB-INF/lib/geronimo-javamail_1.4_spec-1.7.1.jar
7f1fc5267000-7f1fc5269000 r-xs 00002000 ca:01 2165276                    /opt/apache-tomcat-7.0.34/webapps/oddsium/WEB-INF/lib/geronimo-annotation_1.0_spec-1.1.1.jar
7f1fc5269000-7f1fc526b000 r-xs 0000a000 ca:01 2165275                    /opt/apache-tomcat-7.0.34/webapps/oddsium/WEB-INF/lib/geronimo-activation_1.1_spec-1.1.jar
7f1fc526b000-7f1fc527b000 r-xs 000d2000 ca:01 2165274                    /opt/apache-tomcat-7.0.34/webapps/oddsium/WEB-INF/lib/freemarker-2.3.18.jar
7f1fc527b000-7f1fc5280000 r-xs 00048000 ca:01 2165273                    /opt/apache-tomcat-7.0.34/webapps/oddsium/WEB-INF/lib/dom4j-1.6.1.jar
7f1fc5280000-7f1fc52e3000 r-xs 0058f000 ca:01 2165272                    /opt/apache-tomcat-7.0.34/webapps/oddsium/WEB-INF/lib/cxf-2.6.0.jar
7f1fc52e3000-7f1fc52e6000 r-xs 00016000 ca:01 2165271                    /opt/apache-tomcat-7.0.34/webapps/oddsium/WEB-INF/lib/commons-pool-1.5.6.jar
7f1fc52e6000-7f1fc52e8000 r-xs 0000d000 ca:01 2165270                    /opt/apache-tomcat-7.0.34/webapps/oddsium/WEB-INF/lib/commons-logging-1.1.1.jar
7f1fc52e8000-7f1fc52ed000 r-xs 00040000 ca:01 2165269                    /opt/apache-tomcat-7.0.34/webapps/oddsium/WEB-INF/lib/commons-lang-2.5.jar
7f1fc52ed000-7f1fc52f0000 r-xs 00024000 ca:01 2165268                    /opt/apache-tomcat-7.0.34/webapps/oddsium/WEB-INF/lib/commons-io-2.0.1.jar
7f1fc52f0000-7f1fc52f3000 r-xs 00018000 ca:01 2165267                    /opt/apache-tomcat-7.0.34/webapps/oddsium/WEB-INF/lib/commons-io-1.4.jar
7f1fc52f3000-7f1fc52f8000 r-xs 0003f000 ca:01 2165266                    /opt/apache-tomcat-7.0.34/webapps/oddsium/WEB-INF/lib/commons-httpclient-3.0-rc2.jar
7f1fc52f8000-7f1fc52fa000 r-xs 0000d000 ca:01 2165265                    /opt/apache-tomcat-7.0.34/webapps/oddsium/WEB-INF/lib/commons-fileupload-1.2.2.jar
7f1fc52fa000-7f1fc52fd000 r-xs 0000f000 ca:01 2165264                    /opt/apache-tomcat-7.0.34/webapps/oddsium/WEB-INF/lib/commons-discovery-0.2.jar
7f1fc52fd000-7f1fc5301000 r-xs 00021000 ca:01 2165263                    /opt/apache-tomcat-7.0.34/webapps/oddsium/WEB-INF/lib/commons-digester-2.0.jar
7f1fc5301000-7f1fc5304000 r-xs 00025000 ca:01 2165262                    /opt/apache-tomcat-7.0.34/webapps/oddsium/WEB-INF/lib/commons-dbcp-1.4.jar
7f1fc5304000-7f1fc5306000 r-xs 0000d000 ca:01 2165261                    /opt/apache-tomcat-7.0.34/webapps/oddsium/WEB-INF/lib/commons-codec-1.4.jar
7f1fc5306000-7f1fc530b000 r-xs 0002a000 ca:01 2165260                    /opt/apache-tomcat-7.0.34/webapps/oddsium/WEB-INF/lib/commons-beanutils-1.7.0.jar
7f1fc530b000-7f1fc530d000 r-xs 00000000 ca:01 2165259                    /opt/apache-tomcat-7.0.34/webapps/oddsium/WEB-INF/lib/aopalliance-1.0.jar
7f1fc530d000-7f1fc5312000 r-xs 00068000 ca:01 2165258                    /opt/apache-tomcat-7.0.34/webapps/oddsium/WEB-INF/lib/antlr-2.7.7.jar
7f1fc5312000-7f1fc5317000 r-xs 00042000 ca:01 2165257                    /opt/apache-tomcat-7.0.34/webapps/oddsium/WEB-INF/lib/FastInfoset-1.2.9.jar
7f1fc5317000-7f1fc531a000 ---p 00000000 00:00 0 
7f1fc531a000-7f1fc5358000 rwxp 00000000 00:00 0 
7f1fc5358000-7f1fc535b000 ---p 00000000 00:00 0 
7f1fc535b000-7f1fc5399000 rwxp 00000000 00:00 0 
7f1fc5399000-7f1fc53ac000 r-xp 00000000 ca:01 2146409                    /opt/jdk1.6.0_30/jre/lib/amd64/libnet.so
7f1fc53ac000-7f1fc54ad000 ---p 00013000 ca:01 2146409                    /opt/jdk1.6.0_30/jre/lib/amd64/libnet.so
7f1fc54ad000-7f1fc54b0000 rwxp 00014000 ca:01 2146409                    /opt/jdk1.6.0_30/jre/lib/amd64/libnet.so
7f1fc54b0000-7f1fc54b3000 r-xs 00027000 ca:01 2146310                    /opt/jdk1.6.0_30/jre/lib/ext/sunjce_provider.jar
7f1fc54b3000-7f1fc54b7000 r-xs 00035000 ca:01 2146309                    /opt/jdk1.6.0_30/jre/lib/ext/sunpkcs11.jar
7f1fc54b7000-7f1fc54ba000 r-xs 00013000 ca:01 2132208                    /opt/jdk1.6.0_30/jre/lib/jce.jar
7f1fc54ba000-7f1fc54bd000 ---p 00000000 00:00 0 
7f1fc54bd000-7f1fc54fb000 rwxp 00000000 00:00 0 
7f1fc54fb000-7f1fc5503000 r-xs 00115000 ca:01 2132189                    /opt/jdk1.6.0_30/jre/lib/resources.jar
7f1fc5503000-7f1fc5509000 r-xs 00095000 ca:01 2132174                    /opt/jdk1.6.0_30/jre/lib/jsse.jar
7f1fc5509000-7f1fc550c000 r-xs 000cc000 ca:01 2146912                    /opt/jdk1.6.0_30/jre/lib/ext/localedata.jar
7f1fc550c000-7f1fc550d000 r-xs 00005000 ca:01 2113694                    /opt/apache-tomcat-7.0.34/lib/tomcat-util.jar
7f1fc550d000-7f1fc5515000 r-xs 0008a000 ca:01 2113684                    /opt/apache-tomcat-7.0.34/lib/jasper.jar
7f1fc5515000-7f1fc5518000 r-xs 0001c000 ca:01 2113693                    /opt/apache-tomcat-7.0.34/lib/tomcat-jdbc.jar
7f1fc5518000-7f1fc551b000 r-xs 0001c000 ca:01 2113683                    /opt/apache-tomcat-7.0.34/lib/jasper-el.jar
7f1fc551b000-7f1fc551e000 r-xs 00013000 ca:01 2113685                    /opt/apache-tomcat-7.0.34/lib/jsp-api.jar
7f1fc551e000-7f1fc5521000 r-xs 00029000 ca:01 2113686                    /opt/apache-tomcat-7.0.34/lib/servlet-api.jar
7f1fc5521000-7f1fc5533000 r-xs 0016b000 ca:01 2113680                    /opt/apache-tomcat-7.0.34/lib/catalina.jar
7f1fc5533000-7f1fc5535000 r-xs 00011000 ca:01 2113690                    /opt/apache-tomcat-7.0.34/lib/tomcat-i18n-es.jar
7f1fc5535000-7f1fc553a000 r-xs 0003a000 ca:01 2113679                    /opt/apache-tomcat-7.0.34/lib/catalina-tribes.jar
7f1fc553a000-7f1fc5549000 r-xs 001a8000 ca:01 2113681                    /opt/apache-tomcat-7.0.34/lib/ecj-4.2.1.jar
7f1fc5549000-7f1fc554b000 r-xs 0000c000 ca:01 2113677                    /opt/apache-tomcat-7.0.34/lib/catalina-ant.jar
7f1fc554b000-7f1fc5558000 r-xs 000b1000 ca:01 2113688                    /opt/apache-tomcat-7.0.34/lib/tomcat-coyote.jar
7f1fc5558000-7f1fc555c000 r-xs 00036000 ca:01 2113689                    /opt/apache-tomcat-7.0.34/lib/tomcat-dbcp.jar
7f1fc555c000-7f1fc555e000 r-xs 0000a000 ca:01 2113691                    /opt/apache-tomcat-7.0.34/lib/tomcat-i18n-fr.jar
7f1fc555e000-7f1fc5560000 r-xs 0000a000 ca:01 2113682                    /opt/apache-tomcat-7.0.34/lib/el-api.jar
7f1fc5560000-7f1fc5566000 r-xp 00000000 ca:01 2146456                    /opt/jdk1.6.0_30/jre/lib/amd64/libmanagement.so
7f1fc5566000-7f1fc5665000 ---p 00006000 ca:01 2146456                    /opt/jdk1.6.0_30/jre/lib/amd64/libmanagement.so
7f1fc5665000-7f1fc5667000 rwxp 00005000 ca:01 2146456                    /opt/jdk1.6.0_30/jre/lib/amd64/libmanagement.so
7f1fc5667000-7f1fc5668000 ---p 00000000 00:00 0 
7f1fc5668000-7f1fc5768000 rwxp 00000000 00:00 0 
7f1fc5768000-7f1fc576b000 ---p 00000000 00:00 0 
7f1fc576b000-7f1fc57a9000 rwxp 00000000 00:00 0 
7f1fc57a9000-7f1fc57ac000 ---p 00000000 00:00 0 
7f1fc57ac000-7f1fc58aa000 rwxp 00000000 00:00 0 
7f1fc58aa000-7f1fc58ad000 ---p 00000000 00:00 0 
7f1fc58ad000-7f1fc59ab000 rwxp 00000000 00:00 0 
7f1fc59ab000-7f1fc59ae000 ---p 00000000 00:00 0 
7f1fc59ae000-7f1fc59ec000 rwxp 00000000 00:00 0 
7f1fc59ec000-7f1fc59ef000 ---p 00000000 00:00 0 
7f1fc59ef000-7f1fc5a2d000 rwxp 00000000 00:00 0 
7f1fc5a2d000-7f1fc5a30000 ---p 00000000 00:00 0 
7f1fc5a30000-7f1fc5a6e000 rwxp 00000000 00:00 0 
7f1fc5a6e000-7f1fc5a6f000 ---p 00000000 00:00 0 
7f1fc5a6f000-7f1fc5ea6000 rwxp 00000000 00:00 0 
7f1fc5ea6000-7f1fc6043000 r-xs 030b8000 ca:01 2132222                    /opt/jdk1.6.0_30/jre/lib/rt.jar
7f1fc6043000-7f1fc6044000 ---p 00000000 00:00 0 
7f1fc6044000-7f1fc6144000 rwxp 00000000 00:00 0 
7f1fc6144000-7f1fc6145000 ---p 00000000 00:00 0 
7f1fc6145000-7f1fc624f000 rwxp 00000000 00:00 0 
7f1fc624f000-7f1fc6305000 rwxp 00000000 00:00 0 
7f1fc6305000-7f1fc6313000 r-xp 00000000 ca:01 2146420                    /opt/jdk1.6.0_30/jre/lib/amd64/libzip.so
7f1fc6313000-7f1fc6415000 ---p 0000e000 ca:01 2146420                    /opt/jdk1.6.0_30/jre/lib/amd64/libzip.so
7f1fc6415000-7f1fc6418000 rwxp 00010000 ca:01 2146420                    /opt/jdk1.6.0_30/jre/lib/amd64/libzip.so
7f1fc6418000-7f1fc6419000 rwxp 00000000 00:00 0 
7f1fc6419000-7f1fc6425000 r-xp 00000000 ca:01 196648                     /lib64/libnss_files-2.12.so
7f1fc6425000-7f1fc6625000 ---p 0000c000 ca:01 196648                     /lib64/libnss_files-2.12.so
7f1fc6625000-7f1fc6626000 r-xp 0000c000 ca:01 196648                     /lib64/libnss_files-2.12.so
7f1fc6626000-7f1fc6627000 rwxp 0000d000 ca:01 196648                     /lib64/libnss_files-2.12.so
7f1fc6627000-7f1fc663d000 r-xp 00000000 ca:01 196660                     /lib64/libnsl-2.12.so
7f1fc663d000-7f1fc683c000 ---p 00016000 ca:01 196660                     /lib64/libnsl-2.12.so
7f1fc683c000-7f1fc683d000 r-xp 00015000 ca:01 196660                     /lib64/libnsl-2.12.so
7f1fc683d000-7f1fc683e000 rwxp 00016000 ca:01 196660                     /lib64/libnsl-2.12.so
7f1fc683e000-7f1fc6840000 rwxp 00000000 00:00 0 
7f1fc6840000-7f1fc6869000 r-xp 00000000 ca:01 2146433                    /opt/jdk1.6.0_30/jre/lib/amd64/libjava.so
7f1fc6869000-7f1fc6968000 ---p 00029000 ca:01 2146433                    /opt/jdk1.6.0_30/jre/lib/amd64/libjava.so
7f1fc6968000-7f1fc696f000 rwxp 00028000 ca:01 2146433                    /opt/jdk1.6.0_30/jre/lib/amd64/libjava.so
7f1fc696f000-7f1fc697c000 r-xp 00000000 ca:01 2146415                    /opt/jdk1.6.0_30/jre/lib/amd64/libverify.so
7f1fc697c000-7f1fc6a7b000 ---p 0000d000 ca:01 2146415                    /opt/jdk1.6.0_30/jre/lib/amd64/libverify.so
7f1fc6a7b000-7f1fc6a7e000 rwxp 0000c000 ca:01 2146415                    /opt/jdk1.6.0_30/jre/lib/amd64/libverify.so
7f1fc6a7e000-7f1fc6a85000 r-xp 00000000 ca:01 196864                     /lib64/librt-2.12.so
7f1fc6a85000-7f1fc6c84000 ---p 00007000 ca:01 196864                     /lib64/librt-2.12.so
7f1fc6c84000-7f1fc6c85000 r-xp 00006000 ca:01 196864                     /lib64/librt-2.12.so
7f1fc6c85000-7f1fc6c86000 rwxp 00007000 ca:01 196864                     /lib64/librt-2.12.so
7f1fc6c86000-7f1fc6d09000 r-xp 00000000 ca:01 196916                     /lib64/libm-2.12.so
7f1fc6d09000-7f1fc6f08000 ---p 00083000 ca:01 196916                     /lib64/libm-2.12.so
7f1fc6f08000-7f1fc6f09000 r-xp 00082000 ca:01 196916                     /lib64/libm-2.12.so
7f1fc6f09000-7f1fc6f0a000 rwxp 00083000 ca:01 196916                     /lib64/libm-2.12.so
7f1fc6f0a000-7f1fc7824000 r-xp 00000000 ca:01 2146440                    /opt/jdk1.6.0_30/jre/lib/amd64/server/libjvm.so
7f1fc7824000-7f1fc7926000 ---p 0091a000 ca:01 2146440                    /opt/jdk1.6.0_30/jre/lib/amd64/server/libjvm.so
7f1fc7926000-7f1fc7adb000 rwxp 0091c000 ca:01 2146440                    /opt/jdk1.6.0_30/jre/lib/amd64/server/libjvm.so
7f1fc7adb000-7f1fc7b15000 rwxp 00000000 00:00 0 
7f1fc7b15000-7f1fc7cac000 r-xp 00000000 ca:01 196938                     /lib64/libc-2.12.so
7f1fc7cac000-7f1fc7eac000 ---p 00197000 ca:01 196938                     /lib64/libc-2.12.so
7f1fc7eac000-7f1fc7eb0000 r-xp 00197000 ca:01 196938                     /lib64/libc-2.12.so
7f1fc7eb0000-7f1fc7eb1000 rwxp 0019b000 ca:01 196938                     /lib64/libc-2.12.so
7f1fc7eb1000-7f1fc7eb6000 rwxp 00000000 00:00 0 
7f1fc7eb6000-7f1fc7eb8000 r-xp 00000000 ca:01 196869                     /lib64/libdl-2.12.so
7f1fc7eb8000-7f1fc80b8000 ---p 00002000 ca:01 196869                     /lib64/libdl-2.12.so
7f1fc80b8000-7f1fc80b9000 r-xp 00002000 ca:01 196869                     /lib64/libdl-2.12.so
7f1fc80b9000-7f1fc80ba000 rwxp 00003000 ca:01 196869                     /lib64/libdl-2.12.so
7f1fc80ba000-7f1fc80d1000 r-xp 00000000 ca:01 196644                     /lib64/libpthread-2.12.so
7f1fc80d1000-7f1fc82d0000 ---p 00017000 ca:01 196644                     /lib64/libpthread-2.12.so
7f1fc82d0000-7f1fc82d1000 r-xp 00016000 ca:01 196644                     /lib64/libpthread-2.12.so
7f1fc82d1000-7f1fc82d2000 rwxp 00017000 ca:01 196644                     /lib64/libpthread-2.12.so
7f1fc82d2000-7f1fc82d6000 rwxp 00000000 00:00 0 
7f1fc82d6000-7f1fc82f6000 r-xp 00000000 ca:01 196922                     /lib64/ld-2.12.so
7f1fc82f6000-7f1fc82f7000 r-xs 00001000 ca:01 2113687                    /opt/apache-tomcat-7.0.34/lib/tomcat-api.jar
7f1fc82f7000-7f1fc82f9000 r-xs 0000b000 ca:01 2113692                    /opt/apache-tomcat-7.0.34/lib/tomcat-i18n-ja.jar
7f1fc82f9000-7f1fc82fc000 r-xs 0001e000 ca:01 2113678                    /opt/apache-tomcat-7.0.34/lib/catalina-ha.jar
7f1fc82fc000-7f1fc82fe000 r-xs 00008000 ca:01 2113672                    /opt/apache-tomcat-7.0.34/bin/tomcat-juli.jar
7f1fc82fe000-7f1fc8336000 rwxp 00000000 00:00 0 
7f1fc8336000-7f1fc8356000 rwxp 00000000 00:00 0 
7f1fc8356000-7f1fc8366000 rwxp 00000000 00:00 0 
7f1fc8366000-7f1fc8386000 rwxp 00000000 00:00 0 
7f1fc8386000-7f1fc8396000 rwxp 00000000 00:00 0 
7f1fc8396000-7f1fc8397000 rwxp 00000000 00:00 0 
7f1fc8397000-7f1fc839f000 rwxs 00000000 ca:01 1409030                    /tmp/hsperfdata_oddsium/27515
7f1fc839f000-7f1fc83a2000 ---p 00000000 00:00 0 
7f1fc83a2000-7f1fc83e3000 rwxp 00000000 00:00 0 
7f1fc83e3000-7f1fc83ea000 r-xp 00000000 ca:01 2146405                    /opt/jdk1.6.0_30/jre/lib/amd64/jli/libjli.so
7f1fc83ea000-7f1fc84eb000 ---p 00007000 ca:01 2146405                    /opt/jdk1.6.0_30/jre/lib/amd64/jli/libjli.so
7f1fc84eb000-7f1fc84ed000 rwxp 00008000 ca:01 2146405                    /opt/jdk1.6.0_30/jre/lib/amd64/jli/libjli.so
7f1fc84ed000-7f1fc84ee000 rwxp 00000000 00:00 0 
7f1fc84ee000-7f1fc84ef000 r-xs 00003000 ca:01 2113676                    /opt/apache-tomcat-7.0.34/lib/annotations-api.jar
7f1fc84ef000-7f1fc84f0000 r-xs 00005000 ca:01 2113665                    /opt/apache-tomcat-7.0.34/bin/commons-daemon.jar
7f1fc84f0000-7f1fc84f2000 r-xs 00006000 ca:01 2113661                    /opt/apache-tomcat-7.0.34/bin/bootstrap.jar
7f1fc84f2000-7f1fc84f3000 rwxp 00000000 00:00 0 
7f1fc84f3000-7f1fc84f4000 ---p 00000000 00:00 0 
7f1fc84f4000-7f1fc84f5000 rwxp 00000000 00:00 0 
7f1fc84f5000-7f1fc84f6000 r-xp 0001f000 ca:01 196922                     /lib64/ld-2.12.so
7f1fc84f6000-7f1fc84f7000 rwxp 00020000 ca:01 196922                     /lib64/ld-2.12.so
7f1fc84f7000-7f1fc84f8000 rwxp 00000000 00:00 0 
7fffbdb2a000-7fffbdb3f000 rwxp 00000000 00:00 0                          [stack]
7fffbdbbf000-7fffbdbc0000 r-xp 00000000 00:00 0                          [vdso]
ffffffffff600000-ffffffffff601000 r-xp 00000000 00:00 0                  [vsyscall]

VM Arguments:
jvm_args: -Djava.util.logging.config.file=/opt/tomcat/conf/logging.properties -Djava.util.logging.manager=org.apache.juli.ClassLoaderLogManager -Xss256k -Xms32m -Xmx96m -XX:MaxPermSize=32m -Djava.endorsed.dirs=/opt/tomcat/endorsed -Dcatalina.base=/opt/tomcat -Dcatalina.home=/opt/tomcat -Djava.io.tmpdir=/opt/tomcat/temp 
java_command: org.apache.catalina.startup.Bootstrap start
Launcher Type: SUN_STANDARD

Environment Variables:
JAVA_HOME=/opt/java
JRE_HOME=/opt/java
PATH=/home/oddsium/bin:/opt/m2/bin/bin:/home/oddsium/bin/maven-1.1/bin:/opt/tomcat/bin:/opt/java/bin:/database/mysql/bin:/opt/mysql/bin:/opt/ant/bin:/usr/local/bin:/bin:/usr/bin:/usr/local/sbin:/usr/sbin:/sbin:/home/oddsium/bin
LD_LIBRARY_PATH=/opt/jdk1.6.0_30/jre/lib/amd64/server:/opt/jdk1.6.0_30/jre/lib/amd64:/opt/jdk1.6.0_30/jre/../lib/amd64
SHELL=/bin/bash
DISPLAY=:0.0

Signal Handlers:
SIGSEGV: [libjvm.so+0x85f7d0], sa_mask[0]=0x7ffbfeff, sa_flags=0x10000004
SIGBUS: [libjvm.so+0x85f7d0], sa_mask[0]=0x7ffbfeff, sa_flags=0x10000004
SIGFPE: [libjvm.so+0x70e3e0], sa_mask[0]=0x7ffbfeff, sa_flags=0x10000004
SIGPIPE: [libjvm.so+0x70e3e0], sa_mask[0]=0x7ffbfeff, sa_flags=0x10000004
SIGXFSZ: [libjvm.so+0x70e3e0], sa_mask[0]=0x7ffbfeff, sa_flags=0x10000004
SIGILL: [libjvm.so+0x70e3e0], sa_mask[0]=0x7ffbfeff, sa_flags=0x10000004
SIGUSR1: SIG_DFL, sa_mask[0]=0x00000000, sa_flags=0x00000000
SIGUSR2: [libjvm.so+0x711210], sa_mask[0]=0x00000000, sa_flags=0x10000004
SIGHUP: [libjvm.so+0x710e10], sa_mask[0]=0x7ffbfeff, sa_flags=0x10000004
SIGINT: SIG_IGN, sa_mask[0]=0x00000000, sa_flags=0x00000000
SIGTERM: [libjvm.so+0x710e10], sa_mask[0]=0x7ffbfeff, sa_flags=0x10000004
SIGQUIT: [libjvm.so+0x710e10], sa_mask[0]=0x7ffbfeff, sa_flags=0x10000004


---------------  S Y S T E M  ---------------

OS:CentOS release 6.2 (Final)

uname:Linux 2.6.32-220.2.1.el6.x86_64 #1 SMP Fri Dec 23 02:21:33 CST 2011 x86_64
libc:glibc 2.12 NPTL 2.12 
rlimit: STACK 10240k, CORE 0k, NPROC 1024, NOFILE 1024, AS infinity
load average:1.17 0.59 0.24

/proc/meminfo:
MemTotal:        7931308 kB
MemFree:         6241988 kB
Buffers:          138440 kB
Cached:          1158676 kB
SwapCached:            0 kB
Active:           956208 kB
Inactive:         555812 kB
Active(anon):     215040 kB
Inactive(anon):      128 kB
Active(file):     741168 kB
Inactive(file):   555684 kB
Unevictable:           0 kB
Mlocked:               0 kB
SwapTotal:       8388600 kB
SwapFree:        8388600 kB
Dirty:                96 kB
Writeback:             0 kB
AnonPages:        214920 kB
Mapped:            20020 kB
Shmem:               136 kB
Slab:              71848 kB
SReclaimable:      53612 kB
SUnreclaim:        18236 kB
KernelStack:         880 kB
PageTables:         2952 kB
NFS_Unstable:          0 kB
Bounce:                0 kB
WritebackTmp:          0 kB
CommitLimit:    12354252 kB
Committed_AS:     221560 kB
VmallocTotal:   34359738367 kB
VmallocUsed:       28188 kB
VmallocChunk:   34359709228 kB
HardwareCorrupted:     0 kB
AnonHugePages:         0 kB
HugePages_Total:       0
HugePages_Free:        0
HugePages_Rsvd:        0
HugePages_Surp:        0
Hugepagesize:       2048 kB
DirectMap4k:     8290304 kB
DirectMap2M:           0 kB


CPU:total 2 (6 cores per cpu, 2 threads per core) family 6 model 45 stepping 7, cmov, cx8, fxsr, mmx, sse, sse2, sse3, ssse3, sse4.1, sse4.2, popcnt, ht

/proc/cpuinfo:
processor	: 0
vendor_id	: GenuineIntel
cpu family	: 6
model		: 45
model name	: Intel(R) Xeon(R) CPU E5-2630 0 @ 2.30GHz
stepping	: 7
cpu MHz		: 2299.998
cache size	: 15360 KB
fpu		: yes
fpu_exception	: yes
cpuid level	: 13
wp		: yes
flags		: fpu de tsc msr pae cx8 cmov pat clflush mmx fxsr sse sse2 ss ht syscall nx lm rep_good unfair_spinlock pni pclmulqdq ssse3 cx16 sse4_1 sse4_2 x2apic popcnt aes avx hypervisor lahf_lm
bogomips	: 4599.99
clflush size	: 64
cache_alignment	: 64
address sizes	: 46 bits physical, 48 bits virtual
power management:

processor	: 1
vendor_id	: GenuineIntel
cpu family	: 6
model		: 45
model name	: Intel(R) Xeon(R) CPU E5-2630 0 @ 2.30GHz
stepping	: 7
cpu MHz		: 2299.998
cache size	: 15360 KB
fpu		: yes
fpu_exception	: yes
cpuid level	: 13
wp		: yes
flags		: fpu de tsc msr pae cx8 cmov pat clflush mmx fxsr sse sse2 ss ht syscall nx lm rep_good unfair_spinlock pni pclmulqdq ssse3 cx16 sse4_1 sse4_2 x2apic popcnt aes avx hypervisor lahf_lm
bogomips	: 4599.99
clflush size	: 64
cache_alignment	: 64
address sizes	: 46 bits physical, 48 bits virtual
power management:



Memory: 4k page, physical 7931308k(6241988k free), swap 8388600k(8388600k free)

vm_info: Java HotSpot(TM) 64-Bit Server VM (20.5-b03) for linux-amd64 JRE (1.6.0_30-b12), built on Nov 10 2011 01:14:04 by "java_re" with gcc 3.2.2 (SuSE Linux)

time: Sun Jan 13 09:09:34 2013
elapsed time: 18 seconds

